# JRE version: OpenJDK Runtime Environment (11.0.13) (build 11.0.13+0-b1751.21-8125866)
# Java VM: OpenJDK 64-Bit Server VM (11.0.13+0-b1751.21-8125866, mixed mode, tiered, compressed oops, g1 gc, windows-amd64)
Heap:
 garbage-first heap   total 273408K, used 169662K [0x0000000080000000, 0x0000000100000000)
  region size 1024K, 25 young (25600K), 6 survivors (6144K)
 Metaspace       used 101824K, capacity 104280K, committed 104576K, reserved 1140736K
  class space    used 12922K, capacity 13856K, committed 13952K, reserved 1048576K
GC Heap History (20 events):
Event: 17.463 GC heap before
{Heap before GC invocations=38 (full 0):
 garbage-first heap   total 189440K, used 166912K [0x0000000080000000, 0x0000000100000000)
  region size 1024K, 44 young (45056K), 6 survivors (6144K)
 Metaspace       used 84504K, capacity 86515K, committed 86656K, reserved 1124352K
  class space    used 10862K, capacity 11605K, committed 11648K, reserved 1048576K
}
Event: 17.476 GC heap after
{Heap after GC invocations=39 (full 0):
 garbage-first heap   total 189440K, used 135846K [0x0000000080000000, 0x0000000100000000)
  region size 1024K, 6 young (6144K), 6 survivors (6144K)
 Metaspace       used 84504K, capacity 86515K, committed 86656K, reserved 1124352K
  class space    used 10862K, capacity 11605K, committed 11648K, reserved 1048576K
}
Event: 17.673 GC heap before
{Heap before GC invocations=39 (full 0):
 garbage-first heap   total 189440K, used 160422K [0x0000000080000000, 0x0000000100000000)
  region size 1024K, 30 young (30720K), 6 survivors (6144K)
 Metaspace       used 85222K, capacity 87373K, committed 87680K, reserved 1124352K
  class space    used 10959K, capacity 11780K, committed 11904K, reserved 1048576K
}
Event: 17.680 GC heap after
{Heap after GC invocations=40 (full 0):
 garbage-first heap   total 189440K, used 136879K [0x0000000080000000, 0x0000000100000000)
  region size 1024K, 1 young (1024K), 1 survivors (1024K)
 Metaspace       used 85222K, capacity 87373K, committed 87680K, reserved 1124352K
  class space    used 10959K, capacity 11780K, committed 11904K, reserved 1048576K
}
Event: 17.849 GC heap before
{Heap before GC invocations=40 (full 0):
 garbage-first heap   total 189440K, used 161455K [0x0000000080000000, 0x0000000100000000)
  region size 1024K, 25 young (25600K), 1 survivors (1024K)
 Metaspace       used 85947K, capacity 88019K, committed 88192K, reserved 1126400K
  class space    used 11049K, capacity 11845K, committed 11904K, reserved 1048576K
}
Event: 17.854 GC heap after
{Heap after GC invocations=41 (full 0):
 garbage-first heap   total 227328K, used 137013K [0x0000000080000000, 0x0000000100000000)
  region size 1024K, 1 young (1024K), 1 survivors (1024K)
 Metaspace       used 85947K, capacity 88019K, committed 88192K, reserved 1126400K
  class space    used 11049K, capacity 11845K, committed 11904K, reserved 1048576K
}
Event: 17.930 GC heap before
{Heap before GC invocations=42 (full 0):
 garbage-first heap   total 227328K, used 140085K [0x0000000080000000, 0x0000000100000000)
  region size 1024K, 5 young (5120K), 1 survivors (1024K)
 Metaspace       used 86363K, capacity 88505K, committed 88704K, reserved 1126400K
  class space    used 11083K, capacity 11878K, committed 11904K, reserved 1048576K
}
Event: 17.934 GC heap after
{Heap after GC invocations=43 (full 0):
 garbage-first heap   total 227328K, used 137330K [0x0000000080000000, 0x0000000100000000)
  region size 1024K, 2 young (2048K), 2 survivors (2048K)
 Metaspace       used 86363K, capacity 88505K, committed 88704K, reserved 1126400K
  class space    used 11083K, capacity 11878K, committed 11904K, reserved 1048576K
}
Event: 18.481 GC heap before
{Heap before GC invocations=44 (full 0):
 garbage-first heap   total 227328K, used 172146K [0x0000000080000000, 0x0000000100000000)
  region size 1024K, 35 young (35840K), 2 survivors (2048K)
 Metaspace       used 90569K, capacity 92692K, committed 92800K, reserved 1130496K
  class space    used 11595K, capacity 12355K, committed 12416K, reserved 1048576K
}
Event: 18.485 GC heap after
{Heap after GC invocations=45 (full 0):
 garbage-first heap   total 227328K, used 137763K [0x0000000080000000, 0x0000000100000000)
  region size 1024K, 2 young (2048K), 2 survivors (2048K)
 Metaspace       used 90569K, capacity 92692K, committed 92800K, reserved 1130496K
  class space    used 11595K, capacity 12355K, committed 12416K, reserved 1048576K
}
Event: 19.397 GC heap before
{Heap before GC invocations=45 (full 0):
 garbage-first heap   total 227328K, used 174627K [0x0000000080000000, 0x0000000100000000)
  region size 1024K, 38 young (38912K), 2 survivors (2048K)
 Metaspace       used 94759K, capacity 97047K, committed 97152K, reserved 1134592K
  class space    used 12125K, capacity 12913K, committed 12928K, reserved 1048576K
}
Event: 19.408 GC heap after
{Heap after GC invocations=46 (full 0):
 garbage-first heap   total 227328K, used 140105K [0x0000000080000000, 0x0000000100000000)
  region size 1024K, 4 young (4096K), 4 survivors (4096K)
 Metaspace       used 94759K, capacity 97047K, committed 97152K, reserved 1134592K
  class space    used 12125K, capacity 12913K, committed 12928K, reserved 1048576K
}
Event: 20.492 GC heap before
{Heap before GC invocations=47 (full 0):
 garbage-first heap   total 227328K, used 177993K [0x0000000080000000, 0x0000000100000000)
  region size 1024K, 41 young (41984K), 4 survivors (4096K)
 Metaspace       used 98419K, capacity 100789K, committed 100992K, reserved 1136640K
  class space    used 12588K, capacity 13408K, committed 13440K, reserved 1048576K
}
Event: 20.503 GC heap after
{Heap after GC invocations=48 (full 0):
 garbage-first heap   total 227328K, used 143302K [0x0000000080000000, 0x0000000100000000)
  region size 1024K, 6 young (6144K), 6 survivors (6144K)
 Metaspace       used 98419K, capacity 100789K, committed 100992K, reserved 1136640K
  class space    used 12588K, capacity 13408K, committed 13440K, reserved 1048576K
}
Event: 21.041 GC heap before
{Heap before GC invocations=48 (full 0):
 garbage-first heap   total 227328K, used 179142K [0x0000000080000000, 0x0000000100000000)
  region size 1024K, 42 young (43008K), 6 survivors (6144K)
 Metaspace       used 98802K, capacity 101177K, committed 101376K, reserved 1136640K
  class space    used 12608K, capacity 13465K, committed 13568K, reserved 1048576K
}
Event: 21.055 GC heap after
{Heap after GC invocations=49 (full 0):
 garbage-first heap   total 227328K, used 146121K [0x0000000080000000, 0x0000000100000000)
  region size 1024K, 6 young (6144K), 6 survivors (6144K)
 Metaspace       used 98802K, capacity 101177K, committed 101376K, reserved 1136640K
  class space    used 12608K, capacity 13465K, committed 13568K, reserved 1048576K
}
Event: 22.078 GC heap before
{Heap before GC invocations=50 (full 0):
 garbage-first heap   total 227328K, used 182985K [0x0000000080000000, 0x0000000100000000)
  region size 1024K, 43 young (44032K), 6 survivors (6144K)
 Metaspace       used 99969K, capacity 102367K, committed 102400K, reserved 1138688K
  class space    used 12694K, capacity 13564K, committed 13568K, reserved 1048576K
}
Event: 22.088 GC heap after
{Heap after GC invocations=51 (full 0):
 garbage-first heap   total 227328K, used 148470K [0x0000000080000000, 0x0000000100000000)
  region size 1024K, 6 young (6144K), 6 survivors (6144K)
 Metaspace       used 99969K, capacity 102367K, committed 102400K, reserved 1138688K
  class space    used 12694K, capacity 13564K, committed 13568K, reserved 1048576K
}
Event: 22.621 GC heap before
{Heap before GC invocations=51 (full 0):
 garbage-first heap   total 227328K, used 186358K [0x0000000080000000, 0x0000000100000000)
  region size 1024K, 43 young (44032K), 6 survivors (6144K)
 Metaspace       used 101362K, capacity 103826K, committed 103936K, reserved 1138688K
  class space    used 12862K, capacity 13790K, committed 13824K, reserved 1048576K
}
Event: 22.633 GC heap after
{Heap after GC invocations=52 (full 0):
 garbage-first heap   total 273408K, used 151230K [0x0000000080000000, 0x0000000100000000)
  region size 1024K, 6 young (6144K), 6 survivors (6144K)
 Metaspace       used 101362K, capacity 103826K, committed 103936K, reserved 1138688K
  class space    used 12862K, capacity 13790K, committed 13824K, reserved 1048576K
}

